<?xml version="1.0" encoding="UTF-8"?>
<testng-results ignored="1" total="3" passed="2" failed="0" skipped="0">
  <reporter-output>
  </reporter-output>
  <suite started-at="2025-02-05T20:20:43 IST" name="Suite" finished-at="2025-02-05T20:22:13 IST" duration-ms="89552">
    <groups>
      <group name="regressionTest">
        <method signature="CreateCampaignTest.createCampaignTest()[pri:0, instance:testNg.CreateCampaignTest@53fe15ff]" name="createCampaignTest" class="testNg.CreateCampaignTest"/>
        <method signature="CreateCampaignWithProductTest.createCampaignWithProductTest()[pri:0, instance:testNg.CreateCampaignWithProductTest@2eae8e6e]" name="createCampaignWithProductTest" class="testNg.CreateCampaignWithProductTest"/>
      </group> <!-- regressionTest -->
    </groups>
    <test started-at="2025-02-05T20:20:43 IST" name="TestRunner1" finished-at="2025-02-05T20:20:44 IST" duration-ms="827">
      <class name="testNg.CreateOrganizationTest">
        <test-method is-config="true" signature="AT()[pri:0, instance:testNg.CreateOrganizationTest@130c12b7]" started-at="2025-02-05T20:20:44 IST" name="AT" finished-at="2025-02-05T20:20:44 IST" duration-ms="1" status="PASS">
          <reporter-output>
          </reporter-output>
        </test-method> <!-- AT -->
        <test-method is-config="true" signature="BT()[pri:0, instance:testNg.CreateOrganizationTest@130c12b7]" started-at="2025-02-05T20:20:44 IST" name="BT" finished-at="2025-02-05T20:20:44 IST" duration-ms="0" status="PASS">
          <reporter-output>
          </reporter-output>
        </test-method> <!-- BT -->
      </class> <!-- testNg.CreateOrganizationTest -->
    </test> <!-- TestRunner1 -->
    <test started-at="2025-02-05T20:20:43 IST" name="TestRunner2" finished-at="2025-02-05T20:21:47 IST" duration-ms="63505">
      <class name="testNg.CreateCampaignTest">
        <test-method is-config="true" signature="BT()[pri:0, instance:testNg.CreateCampaignTest@53fe15ff]" started-at="2025-02-05T20:20:43 IST" name="BT" finished-at="2025-02-05T20:20:43 IST" duration-ms="1" status="PASS">
          <reporter-output>
          </reporter-output>
        </test-method> <!-- BT -->
        <test-method is-config="true" signature="BC()[pri:0, instance:testNg.CreateCampaignTest@53fe15ff]" started-at="2025-02-05T20:20:44 IST" name="BC" finished-at="2025-02-05T20:20:51 IST" duration-ms="7539" status="PASS">
          <reporter-output>
          </reporter-output>
        </test-method> <!-- BC -->
        <test-method is-config="true" signature="BM()[pri:0, instance:testNg.CreateCampaignTest@53fe15ff]" started-at="2025-02-05T20:20:51 IST" name="BM" finished-at="2025-02-05T20:21:03 IST" duration-ms="12412" status="PASS">
          <reporter-output>
          </reporter-output>
        </test-method> <!-- BM -->
        <test-method signature="createCampaignTest()[pri:0, instance:testNg.CreateCampaignTest@53fe15ff]" started-at="2025-02-05T20:21:03 IST" name="createCampaignTest" finished-at="2025-02-05T20:21:40 IST" duration-ms="36612" status="PASS">
          <reporter-output>
          </reporter-output>
        </test-method> <!-- createCampaignTest -->
        <test-method is-config="true" signature="AM()[pri:0, instance:testNg.CreateCampaignTest@53fe15ff]" started-at="2025-02-05T20:21:40 IST" name="AM" finished-at="2025-02-05T20:21:44 IST" duration-ms="4199" status="PASS">
          <reporter-output>
          </reporter-output>
        </test-method> <!-- AM -->
        <test-method is-config="true" signature="AC()[pri:0, instance:testNg.CreateCampaignTest@53fe15ff]" started-at="2025-02-05T20:21:44 IST" name="AC" finished-at="2025-02-05T20:21:47 IST" duration-ms="2680" status="PASS">
          <reporter-output>
          </reporter-output>
        </test-method> <!-- AC -->
        <test-method is-config="true" signature="AT()[pri:0, instance:testNg.CreateCampaignTest@53fe15ff]" started-at="2025-02-05T20:21:47 IST" name="AT" finished-at="2025-02-05T20:21:47 IST" duration-ms="0" status="PASS">
          <reporter-output>
          </reporter-output>
        </test-method> <!-- AT -->
      </class> <!-- testNg.CreateCampaignTest -->
    </test> <!-- TestRunner2 -->
    <test started-at="2025-02-05T20:20:43 IST" name="TestRunner3 " finished-at="2025-02-05T20:22:13 IST" duration-ms="89551">
      <class name="testNg.CreateCampaignWithProductTest">
        <test-method is-config="true" signature="BS()[pri:0, instance:testNg.CreateCampaignWithProductTest@2eae8e6e]" started-at="2025-02-05T20:20:43 IST" name="BS" finished-at="2025-02-05T20:20:43 IST" duration-ms="29" status="PASS">
          <reporter-output>
          </reporter-output>
        </test-method> <!-- BS -->
        <test-method is-config="true" signature="BT()[pri:0, instance:testNg.CreateCampaignWithProductTest@2eae8e6e]" started-at="2025-02-05T20:20:43 IST" name="BT" finished-at="2025-02-05T20:20:43 IST" duration-ms="1" status="PASS">
          <reporter-output>
          </reporter-output>
        </test-method> <!-- BT -->
        <test-method is-config="true" signature="BC()[pri:0, instance:testNg.CreateCampaignWithProductTest@2eae8e6e]" started-at="2025-02-05T20:20:44 IST" name="BC" finished-at="2025-02-05T20:20:51 IST" duration-ms="7240" status="PASS">
          <reporter-output>
          </reporter-output>
        </test-method> <!-- BC -->
        <test-method is-config="true" signature="BM()[pri:0, instance:testNg.CreateCampaignWithProductTest@2eae8e6e]" started-at="2025-02-05T20:20:51 IST" name="BM" finished-at="2025-02-05T20:21:04 IST" duration-ms="12925" status="PASS">
          <reporter-output>
          </reporter-output>
        </test-method> <!-- BM -->
        <test-method signature="createCampaignWithProductTest()[pri:0, instance:testNg.CreateCampaignWithProductTest@2eae8e6e]" started-at="2025-02-05T20:21:04 IST" name="createCampaignWithProductTest" finished-at="2025-02-05T20:22:06 IST" duration-ms="62716" status="PASS">
          <reporter-output>
          </reporter-output>
        </test-method> <!-- createCampaignWithProductTest -->
        <test-method is-config="true" signature="AM()[pri:0, instance:testNg.CreateCampaignWithProductTest@2eae8e6e]" started-at="2025-02-05T20:22:06 IST" name="AM" finished-at="2025-02-05T20:22:10 IST" duration-ms="3851" status="PASS">
          <reporter-output>
          </reporter-output>
        </test-method> <!-- AM -->
        <test-method is-config="true" signature="AC()[pri:0, instance:testNg.CreateCampaignWithProductTest@2eae8e6e]" started-at="2025-02-05T20:22:10 IST" name="AC" finished-at="2025-02-05T20:22:13 IST" duration-ms="2744" status="PASS">
          <reporter-output>
          </reporter-output>
        </test-method> <!-- AC -->
        <test-method is-config="true" signature="AT()[pri:0, instance:testNg.CreateCampaignWithProductTest@2eae8e6e]" started-at="2025-02-05T20:22:13 IST" name="AT" finished-at="2025-02-05T20:22:13 IST" duration-ms="0" status="PASS">
          <reporter-output>
          </reporter-output>
        </test-method> <!-- AT -->
        <test-method is-config="true" signature="AS()[pri:0, instance:testNg.CreateCampaignWithProductTest@2eae8e6e]" started-at="2025-02-05T20:22:13 IST" name="AS" finished-at="2025-02-05T20:22:13 IST" duration-ms="0" status="PASS">
          <reporter-output>
          </reporter-output>
        </test-method> <!-- AS -->
      </class> <!-- testNg.CreateCampaignWithProductTest -->
    </test> <!-- TestRunner3  -->
  </suite> <!-- Suite -->
</testng-results>
